<?xml version="1.0" encoding="UTF-8"?>
<!-- Generated by org.testng.reporters.JUnitReportReporter -->
<testsuite hostname="LAPTOP-9PO46H7V" failures="0" tests="1" name="com.testngprojecttest.TestNGTestProject.ExceptionTimeOutTest" time="1.026" errors="1" timestamp="2024-03-28T19:57:06 IST" skipped="0">
  <testcase classname="com.testngprojecttest.TestNGTestProject.ExceptionTimeOutTest" name="infiniteloop" time="1.026">
    <error message="Method com.testngprojecttest.TestNGTestProject.ExceptionTimeOutTest.infiniteloop() didn&#039;t finish within the time-out 1000" type="org.testng.internal.thread.ThreadTimeoutException">
      <![CDATA[org.testng.internal.thread.ThreadTimeoutException: Method com.testngprojecttest.TestNGTestProject.ExceptionTimeOutTest.infiniteloop() didn't finish within the time-out 1000
at java.base@17.0.10/java.io.FileOutputStream.writeBytes(Native Method)
at java.base@17.0.10/java.io.FileOutputStream.write(FileOutputStream.java:349)
at java.base@17.0.10/java.io.BufferedOutputStream.flushBuffer(BufferedOutputStream.java:81)
at java.base@17.0.10/java.io.BufferedOutputStream.flush(BufferedOutputStream.java:142)
at java.base@17.0.10/java.io.PrintStream.write(PrintStream.java:570)
at java.base@17.0.10/sun.nio.cs.StreamEncoder.writeBytes(StreamEncoder.java:234)
at java.base@17.0.10/sun.nio.cs.StreamEncoder.implFlushBuffer(StreamEncoder.java:313)
at java.base@17.0.10/sun.nio.cs.StreamEncoder.flushBuffer(StreamEncoder.java:111)
at java.base@17.0.10/java.io.OutputStreamWriter.flushBuffer(OutputStreamWriter.java:178)
at java.base@17.0.10/java.io.PrintStream.writeln(PrintStream.java:723)
at java.base@17.0.10/java.io.PrintStream.println(PrintStream.java:938)
at app//com.testngprojecttest.TestNGTestProject.ExceptionTimeOutTest.infiniteloop(ExceptionTimeOutTest.java:12)
at java.base@17.0.10/jdk.internal.reflect.NativeMethodAccessorImpl.invoke0(Native Method)
at java.base@17.0.10/jdk.internal.reflect.NativeMethodAccessorImpl.invoke(NativeMethodAccessorImpl.java:77)
at java.base@17.0.10/jdk.internal.reflect.DelegatingMethodAccessorImpl.invoke(DelegatingMethodAccessorImpl.java:43)
at java.base@17.0.10/java.lang.reflect.Method.invoke(Method.java:568)
at app//org.testng.internal.invokers.MethodInvocationHelper.invokeMethod(MethodInvocationHelper.java:139)
at app//org.testng.internal.invokers.InvokeMethodRunnable.runOne(InvokeMethodRunnable.java:47)
at app//org.testng.internal.invokers.InvokeMethodRunnable.call(InvokeMethodRunnable.java:76)
at app//org.testng.internal.invokers.InvokeMethodRunnable.call(InvokeMethodRunnable.java:11)
at java.base@17.0.10/java.util.concurrent.FutureTask.run(FutureTask.java:264)
at java.base@17.0.10/java.util.concurrent.ThreadPoolExecutor.runWorker(ThreadPoolExecutor.java:1136)
at java.base@17.0.10/java.util.concurrent.ThreadPoolExecutor$Worker.run(ThreadPoolExecutor.java:635)
at java.base@17.0.10/java.lang.Thread.run(Thread.java:842)
]]>
    </error>
  </testcase> <!-- infiniteloop -->
</testsuite> <!-- com.testngprojecttest.TestNGTestProject.ExceptionTimeOutTest -->
