<?xml version="1.0" encoding="UTF-8"?>
<!-- Generated by org.testng.reporters.JUnitReportReporter -->
<testsuite hostname="LAPTOP-9PO46H7V" failures="0" tests="10" name="com.testngprojecttest.TestNGTestProject.InvocationCountTest" time="0.025" errors="0" timestamp="2024-03-28T19:48:18 IST" skipped="0">
  <testcase classname="com.testngprojecttest.TestNGTestProject.InvocationCountTest" name="sum" time="0.001"/>
  <testcase classname="com.testngprojecttest.TestNGTestProject.InvocationCountTest" name="sum" time="0.011"/>
  <testcase classname="com.testngprojecttest.TestNGTestProject.InvocationCountTest" name="sum" time="0.001"/>
  <testcase classname="com.testngprojecttest.TestNGTestProject.InvocationCountTest" name="sum" time="0.005"/>
  <testcase classname="com.testngprojecttest.TestNGTestProject.InvocationCountTest" name="sum" time="0.001"/>
  <testcase classname="com.testngprojecttest.TestNGTestProject.InvocationCountTest" name="sum" time="0.002"/>
  <testcase classname="com.testngprojecttest.TestNGTestProject.InvocationCountTest" name="sum" time="0.001"/>
  <testcase classname="com.testngprojecttest.TestNGTestProject.InvocationCountTest" name="sum" time="0.001"/>
  <testcase classname="com.testngprojecttest.TestNGTestProject.InvocationCountTest" name="sum" time="0.001"/>
  <testcase classname="com.testngprojecttest.TestNGTestProject.InvocationCountTest" name="sum" time="0.001"/>
</testsuite> <!-- com.testngprojecttest.TestNGTestProject.InvocationCountTest -->
