<?xml version="1.0" encoding="UTF-8"?>
<!-- Generated by org.testng.reporters.JUnitReportReporter -->
<testsuite hostname="LAPTOP-9PO46H7V" failures="0" tests="2" name="com.testngprojecttest.TestNGTestProject.TestNGBasics" time="0.015" errors="0" timestamp="2024-03-27T22:00:52 IST" skipped="0">
  <testcase classname="com.testngprojecttest.TestNGTestProject.TestNGBasics" name="searchText" time="0.004"/>
  <testcase classname="com.testngprojecttest.TestNGTestProject.TestNGBasics" name="googleTitleTest" time="0.011"/>
</testsuite> <!-- com.testngprojecttest.TestNGTestProject.TestNGBasics -->
